[debug] [2020-08-13T15:00:53.874Z] ----------------------------------------------------------------------
[debug] [2020-08-13T15:00:53.875Z] Command:       C:\Program Files\nodejs\node.exe C:\Users\Shahrzad\AppData\Roaming\npm\node_modules\firebase-tools\lib\bin\firebase.js serve
[debug] [2020-08-13T15:00:53.875Z] CLI Version:   8.7.0
[debug] [2020-08-13T15:00:53.875Z] Platform:      win32
[debug] [2020-08-13T15:00:53.876Z] Node Version:  v12.18.3
[debug] [2020-08-13T15:00:53.876Z] Time:          Thu Aug 13 2020 19:30:53 GMT+0430 (GMT+04:30)
[debug] [2020-08-13T15:00:53.877Z] ----------------------------------------------------------------------
[debug] [2020-08-13T15:00:53.877Z] 
[debug] [2020-08-13T15:00:53.883Z] > command requires scopes: ["email","openid","https://www.googleapis.com/auth/cloudplatformprojects.readonly","https://www.googleapis.com/auth/firebase","https://www.googleapis.com/auth/cloud-platform"]
[debug] [2020-08-13T15:00:53.884Z] > authorizing via signed-in user
[debug] [2020-08-13T15:00:53.884Z] [iam] checking project shin-dealer for permissions ["firebase.projects.get"]
[debug] [2020-08-13T15:00:53.886Z] >>> HTTP REQUEST POST https://cloudresourcemanager.googleapis.com/v1/projects/shin-dealer:testIamPermissions  
 {"permissions":["firebase.projects.get"]}
[debug] [2020-08-13T15:00:55.239Z] <<< HTTP RESPONSE 200 {"content-type":"application/json; charset=UTF-8","vary":"X-Origin, Referer, Origin,Accept-Encoding","date":"Thu, 13 Aug 2020 15:00:55 GMT","server":"ESF","cache-control":"private","x-xss-protection":"0","x-frame-options":"SAMEORIGIN","x-content-type-options":"nosniff","server-timing":"gfet4t7; dur=618","alt-svc":"h3-29=\":443\"; ma=2592000,h3-27=\":443\"; ma=2592000,h3-T050=\":443\"; ma=2592000,h3-Q050=\":443\"; ma=2592000,h3-Q046=\":443\"; ma=2592000,h3-Q043=\":443\"; ma=2592000,quic=\":443\"; ma=2592000; v=\"46,43\"","accept-ranges":"none","transfer-encoding":"chunked"}
[debug] [2020-08-13T15:00:55.241Z] >>> HTTP REQUEST GET https://firebase.googleapis.com/v1beta1/projects/shin-dealer  
 
[debug] [2020-08-13T15:00:55.988Z] <<< HTTP RESPONSE 200 {"content-type":"application/json; charset=UTF-8","vary":"X-Origin, Referer, Origin,Accept-Encoding","date":"Thu, 13 Aug 2020 15:00:55 GMT","server":"ESF","cache-control":"private","x-xss-protection":"0","x-frame-options":"SAMEORIGIN","x-content-type-options":"nosniff","alt-svc":"h3-29=\":443\"; ma=2592000,h3-27=\":443\"; ma=2592000,h3-T050=\":443\"; ma=2592000,h3-Q050=\":443\"; ma=2592000,h3-Q046=\":443\"; ma=2592000,h3-Q043=\":443\"; ma=2592000,quic=\":443\"; ma=2592000; v=\"46,43\"","accept-ranges":"none","transfer-encoding":"chunked"}
[info] 
[info] === Serving from 'C:\Users\Shahrzad\23-04-99\GitHub\Shin-dealer'...
[info] 
[warn] !  Your requested "node" version "10" doesn't match your global version "12" {"metadata":{"emulator":{"name":"functions"},"message":"Your requested \"node\" version \"10\" doesn't match your global version \"12\""}}
[info] i  functions: Watching "C:\Users\Shahrzad\23-04-99\GitHub\Shin-dealer\functions" for Cloud Functions... {"metadata":{"emulator":{"name":"functions"},"message":"Watching \"C:\\Users\\Shahrzad\\23-04-99\\GitHub\\Shin-dealer\\functions\" for Cloud Functions..."}}
[debug] [2020-08-13T15:00:58.042Z] [worker-pool] addWorker(~diagnostic~) {"metadata":{"emulator":{"name":"functions"},"message":"[worker-pool] addWorker(~diagnostic~)"}}
[debug] [2020-08-13T15:00:58.043Z] [worker-pool] Adding worker with key ~diagnostic~, total=1 {"metadata":{"emulator":{"name":"functions"},"message":"[worker-pool] Adding worker with key ~diagnostic~, total=1"}}
[debug] [2020-08-13T15:00:58.043Z] [worker-pool] submitWork(triggerId=) {"metadata":{"emulator":{"name":"functions"},"message":"[worker-pool] submitWork(triggerId=)"}}
[debug] [2020-08-13T15:00:58.043Z] [worker-~diagnostic~-196e4e2e-afce-4683-8040-192b67937a89]: Assigning socketPath: \\?\pipe\C:\Users\Shahrzad\23-04-99\GitHub\Shin-dealer\functions\10468 {"metadata":{"emulator":{"name":"functions"},"message":"[worker-~diagnostic~-196e4e2e-afce-4683-8040-192b67937a89]: Assigning socketPath: \\\\?\\pipe\\C:\\Users\\Shahrzad\\23-04-99\\GitHub\\Shin-dealer\\functions\\10468"}}
[debug] [2020-08-13T15:00:58.043Z] [worker-~diagnostic~-196e4e2e-afce-4683-8040-192b67937a89]: BUSY {"metadata":{"emulator":{"name":"functions"},"message":"[worker-~diagnostic~-196e4e2e-afce-4683-8040-192b67937a89]: BUSY"}}
[debug] [2020-08-13T15:00:58.395Z] [runtime-status] [10468] Functions runtime initialized. {"cwd":"C:\\Users\\Shahrzad\\23-04-99\\GitHub\\Shin-dealer\\functions","node_version":"12.18.3"} {"metadata":{"emulator":{"name":"functions"},"message":"[runtime-status] [10468] Functions runtime initialized. {\"cwd\":\"C:\\\\Users\\\\Shahrzad\\\\23-04-99\\\\GitHub\\\\Shin-dealer\\\\functions\",\"node_version\":\"12.18.3\"}"}}
[debug] [2020-08-13T15:00:58.396Z] [runtime-status] [10468] Disabled runtime features: undefined {"metadata":{"emulator":{"name":"functions"},"message":"[runtime-status] [10468] Disabled runtime features: undefined"}}
[warn] !  The Cloud Functions emulator requires the module "firebase-admin" to be installed. This package is in your package.json, but it's not available. You probably need to run "npm install" in your functions directory. {"metadata":{"emulator":{"name":"functions"},"message":"The Cloud Functions emulator requires the module \"firebase-admin\" to be installed. This package is in your package.json, but it's not available. You probably need to run \"npm install\" in your functions directory."}}
[info] i  functions: Your functions could not be parsed due to an issue with your node_modules (see above) {"metadata":{"emulator":{"name":"functions"},"message":"Your functions could not be parsed due to an issue with your node_modules (see above)"}}
[debug] [2020-08-13T15:00:58.417Z] [worker-~diagnostic~-196e4e2e-afce-4683-8040-192b67937a89]: exited {"metadata":{"emulator":{"name":"functions"},"message":"[worker-~diagnostic~-196e4e2e-afce-4683-8040-192b67937a89]: exited"}}
[debug] [2020-08-13T15:00:58.417Z] [worker-~diagnostic~-196e4e2e-afce-4683-8040-192b67937a89]: FINISHED {"metadata":{"emulator":{"name":"functions"},"message":"[worker-~diagnostic~-196e4e2e-afce-4683-8040-192b67937a89]: FINISHED"}}
